Ber2023/app/build/intermediates/manifest_merge_blame_file/debug/manifest-merger-blame-debug-report.txt
1<?xml version="1.0" encoding="utf-8"?>
2<manifest xmlns:android="http://schemas.android.com/apk/res/android"
3    package="com.nextgenbermobileapp"
4    android:versionCode="1"
5    android:versionName="1.0" >
6
7    <uses-sdk
7-->src/main/AndroidManifest.xml:7:5-9:41
8        android:minSdkVersion="11"
8-->src/main/AndroidManifest.xml:8:9-35
9        android:targetSdkVersion="30" />
9-->src/main/AndroidManifest.xml:9:9-38
10
11    <uses-feature android:name="android.hardware.camera" />
11-->src/main/AndroidManifest.xml:11:5-60
11-->src/main/AndroidManifest.xml:11:19-57
12
13    <uses-permission android:name="android.permission.ACCESS_NETWORK_STATE" />
13-->src/main/AndroidManifest.xml:13:5-79
13-->src/main/AndroidManifest.xml:13:22-76
14    <uses-permission android:name="android.permission.INTERNET" />
14-->src/main/AndroidManifest.xml:14:5-67
14-->src/main/AndroidManifest.xml:14:22-64
15    <uses-permission android:name="android.permission.WRITE_EXTERNAL_STORAGE" />
15-->src/main/AndroidManifest.xml:15:5-81
15-->src/main/AndroidManifest.xml:15:22-78
16
17    <application
17-->src/main/AndroidManifest.xml:17:5-107:19
18        android:allowBackup="true"
18-->src/main/AndroidManifest.xml:18:9-35
19        android:debuggable="true"
20        android:icon="@drawable/appicon"
20-->src/main/AndroidManifest.xml:19:9-41
21        android:label="@string/app_name"
21-->src/main/AndroidManifest.xml:20:9-41
22        android:largeHeap="true"
22-->src/main/AndroidManifest.xml:21:9-33
23        android:testOnly="true"
24        android:theme="@style/AppTheme"
24-->src/main/AndroidManifest.xml:23:9-40
25        android:usesCleartextTraffic="true" >
25-->src/main/AndroidManifest.xml:22:9-44
26        <activity
26-->src/main/AndroidManifest.xml:24:9-34:20
27            android:name="com.nextgenbermobileapp.activity.LoginActivity"
27-->src/main/AndroidManifest.xml:25:13-74
28            android:label="@string/app_name"
28-->src/main/AndroidManifest.xml:26:13-45
29            android:screenOrientation="portrait"
29-->src/main/AndroidManifest.xml:27:13-49
30            android:windowSoftInputMode="adjustPan" >
30-->src/main/AndroidManifest.xml:28:13-52
31            <intent-filter>
31-->src/main/AndroidManifest.xml:29:13-33:29
32                <action android:name="android.intent.action.MAIN" />
32-->src/main/AndroidManifest.xml:30:17-69
32-->src/main/AndroidManifest.xml:30:25-66
33
34                <category android:name="android.intent.category.LAUNCHER" />
34-->src/main/AndroidManifest.xml:32:17-77
34-->src/main/AndroidManifest.xml:32:27-74
35            </intent-filter>
36        </activity>
37        <activity
37-->src/main/AndroidManifest.xml:35:9-38:20
38            android:name="com.nextgenbermobileapp.activity.ViewCalendar"
38-->src/main/AndroidManifest.xml:36:13-50
39            android:screenOrientation="portrait" >
39-->src/main/AndroidManifest.xml:37:13-49
40        </activity>
41        <activity
41-->src/main/AndroidManifest.xml:39:9-42:20
42            android:name="com.nextgenbermobileapp.activity.ShowCalendarList"
42-->src/main/AndroidManifest.xml:40:13-54
43            android:screenOrientation="portrait" >
43-->src/main/AndroidManifest.xml:41:13-49
44        </activity>
45        <activity
45-->src/main/AndroidManifest.xml:43:9-47:20
46            android:name="com.nextgenbermobileapp.activity.InputForm"
46-->src/main/AndroidManifest.xml:44:13-47
47            android:screenOrientation="portrait"
47-->src/main/AndroidManifest.xml:45:13-49
48            android:windowSoftInputMode="adjustPan" >
48-->src/main/AndroidManifest.xml:46:13-52
49        </activity>
50        <activity
50-->src/main/AndroidManifest.xml:48:9-52:20
51            android:name="com.nextgenbermobileapp.activity.ShowLocationList"
51-->src/main/AndroidManifest.xml:49:13-54
52            android:screenOrientation="portrait"
52-->src/main/AndroidManifest.xml:50:13-49
53            android:windowSoftInputMode="adjustPan" >
53-->src/main/AndroidManifest.xml:51:13-52
54        </activity>
55        <activity
55-->src/main/AndroidManifest.xml:53:9-57:20
56            android:name="com.nextgenbermobileapp.activity.ShowTask"
56-->src/main/AndroidManifest.xml:54:13-46
57            android:screenOrientation="portrait"
57-->src/main/AndroidManifest.xml:55:13-49
58            android:windowSoftInputMode="adjustPan" >
58-->src/main/AndroidManifest.xml:56:13-52
59        </activity>
60        <activity
60-->src/main/AndroidManifest.xml:58:9-62:20
61            android:name="com.nextgenbermobileapp.activity.ShowLocationToList"
61-->src/main/AndroidManifest.xml:59:13-56
62            android:screenOrientation="portrait"
62-->src/main/AndroidManifest.xml:60:13-49
63            android:windowSoftInputMode="adjustPan|adjustResize" >
63-->src/main/AndroidManifest.xml:61:13-65
64        </activity>
65        <activity
65-->src/main/AndroidManifest.xml:63:9-66:20
66            android:name="com.nextgenbermobileapp.activity.NewInputForm"
66-->src/main/AndroidManifest.xml:64:13-50
67            android:screenOrientation="portrait" >
67-->src/main/AndroidManifest.xml:65:13-49
68        </activity>
69        <activity
69-->src/main/AndroidManifest.xml:67:9-70:56
70            android:name="com.nextgenbermobileapp.activity.ShowImage"
70-->src/main/AndroidManifest.xml:68:13-47
71            android:screenOrientation="portrait"
71-->src/main/AndroidManifest.xml:69:13-49
72            android:windowSoftInputMode="adjustPan" />
72-->src/main/AndroidManifest.xml:70:14-53
73        <activity
73-->src/main/AndroidManifest.xml:71:9-74:68
74            android:name="com.nextgenbermobileapp.activity.Expense_Perdiem"
74-->src/main/AndroidManifest.xml:72:13-53
75            android:screenOrientation="portrait"
75-->src/main/AndroidManifest.xml:73:13-49
76            android:windowSoftInputMode="adjustPan|adjustResize" />
76-->src/main/AndroidManifest.xml:74:13-65
77        <activity
77-->src/main/AndroidManifest.xml:75:9-78:68
78            android:name="com.nextgenbermobileapp.activity.Expense_others"
78-->src/main/AndroidManifest.xml:76:13-52
79            android:screenOrientation="portrait"
79-->src/main/AndroidManifest.xml:77:13-49
80            android:windowSoftInputMode="adjustPan|adjustResize" />
80-->src/main/AndroidManifest.xml:78:13-65
81        <activity
81-->src/main/AndroidManifest.xml:79:9-82:68
82            android:name="com.nextgenbermobileapp.activity.Expense_typte"
82-->src/main/AndroidManifest.xml:80:13-51
83            android:screenOrientation="portrait"
83-->src/main/AndroidManifest.xml:81:13-49
84            android:windowSoftInputMode="adjustPan|adjustResize" />
84-->src/main/AndroidManifest.xml:82:13-65
85        <activity
85-->src/main/AndroidManifest.xml:83:9-86:68
86            android:name="com.nextgenbermobileapp.activity.Expense_Travel"
86-->src/main/AndroidManifest.xml:84:13-52
87            android:screenOrientation="portrait"
87-->src/main/AndroidManifest.xml:85:13-49
88            android:windowSoftInputMode="adjustPan|adjustResize" />
88-->src/main/AndroidManifest.xml:86:13-65
89        <activity
89-->src/main/AndroidManifest.xml:87:9-90:63
90            android:name="com.nextgenbermobileapp.activity.Show_Purpose"
90-->src/main/AndroidManifest.xml:88:13-50
91            android:screenOrientation="portrait"
91-->src/main/AndroidManifest.xml:89:13-49
92            android:theme="@android:style/Theme.NoTitleBar" />
92-->src/main/AndroidManifest.xml:90:13-60
93        <activity
93-->src/main/AndroidManifest.xml:91:9-94:68
94            android:name="com.nextgenbermobileapp.activity.ExpenseSummary"
94-->src/main/AndroidManifest.xml:92:13-52
95            android:screenOrientation="portrait"
95-->src/main/AndroidManifest.xml:93:13-49
96            android:windowSoftInputMode="adjustPan|adjustResize" />
96-->src/main/AndroidManifest.xml:94:13-65
97        <activity
97-->src/main/AndroidManifest.xml:95:9-98:68
98            android:name="com.nextgenbermobileapp.activity.Direct_summary"
98-->src/main/AndroidManifest.xml:96:13-52
99            android:screenOrientation="portrait"
99-->src/main/AndroidManifest.xml:97:13-49
100            android:windowSoftInputMode="adjustPan|adjustResize" />
100-->src/main/AndroidManifest.xml:98:13-65
101        <activity
101-->src/main/AndroidManifest.xml:99:9-102:68
102            android:name="com.nextgenbermobileapp.activity.Showimage_Direct"
102-->src/main/AndroidManifest.xml:100:13-54
103            android:screenOrientation="portrait"
103-->src/main/AndroidManifest.xml:101:13-49
104            android:windowSoftInputMode="adjustPan|adjustResize" />
104-->src/main/AndroidManifest.xml:102:13-65
105        <activity
105-->src/main/AndroidManifest.xml:103:9-106:63
106            android:name="com.nextgenbermobileapp.activity.FullScreen"
106-->src/main/AndroidManifest.xml:104:13-48
107            android:screenOrientation="portrait"
107-->src/main/AndroidManifest.xml:105:13-49
108            android:theme="@android:style/Theme.NoTitleBar" />
108-->src/main/AndroidManifest.xml:106:13-60
109    </application>
110
111</manifest>